<?xml version="1.0" encoding="UTF-8"?>
<!-- Generated by org.testng.reporters.JUnitXMLReporter -->
<testsuite hostname="DESKTOP-4PNSGE4" ignored="0" name="Default test" tests="8" failures="0" timestamp="21 Jun 2019 11:45:14 GMT" time="1.842" errors="0">
  <testcase name="checkContentLenght" time="0.005" classname="com.apiframe.testCases.TC001_Get_All_Employees"/>
  <testcase name="checkContentType" time="0.001" classname="com.apiframe.testCases.TC001_Get_All_Employees"/>
  <testcase name="checkResponseTime" time="0.002" classname="com.apiframe.testCases.TC001_Get_All_Employees"/>
  <testcase name="checkResposeBody" time="0.019" classname="com.apiframe.testCases.TC001_Get_All_Employees"/>
  <testcase name="checkStatusCode" time="0.0" classname="com.apiframe.testCases.TC001_Get_All_Employees"/>
  <testcase name="checkcontentEncoding" time="0.003" classname="com.apiframe.testCases.TC001_Get_All_Employees"/>
  <testcase name="checkserverType" time="0.001" classname="com.apiframe.testCases.TC001_Get_All_Employees"/>
  <testcase name="checkstatusLine" time="0.002" classname="com.apiframe.testCases.TC001_Get_All_Employees"/>
</testsuite> <!-- Default test -->
