<?xml version="1.0" encoding="UTF-8"?>
<!-- Generated by org.testng.reporters.JUnitXMLReporter -->
<testsuite hostname="DESKTOP-4PNSGE4" ignored="0" name="EmployeesRestAPITest" tests="33" failures="0" timestamp="21 Jun 2019 11:49:53 GMT" time="25.748" errors="0">
  <testcase name="checkContentLenght" time="0.005" classname="com.apiframe.testCases.TC001_Get_All_Employees"/>
  <testcase name="checkContentType" time="0.001" classname="com.apiframe.testCases.TC001_Get_All_Employees"/>
  <testcase name="checkResponseTime" time="0.002" classname="com.apiframe.testCases.TC001_Get_All_Employees"/>
  <testcase name="checkResposeBody" time="0.026" classname="com.apiframe.testCases.TC001_Get_All_Employees"/>
  <testcase name="checkStatusCode" time="0.0" classname="com.apiframe.testCases.TC001_Get_All_Employees"/>
  <testcase name="checkcontentEncoding" time="0.0" classname="com.apiframe.testCases.TC001_Get_All_Employees"/>
  <testcase name="checkserverType" time="0.0" classname="com.apiframe.testCases.TC001_Get_All_Employees"/>
  <testcase name="checkstatusLine" time="0.0" classname="com.apiframe.testCases.TC001_Get_All_Employees"/>
  <testcase name="checkContentLenght" time="0.0" classname="com.apiframe.testCases.TC002_Get_Single_Employee_Record"/>
  <testcase name="checkContentType" time="0.0" classname="com.apiframe.testCases.TC002_Get_Single_Employee_Record"/>
  <testcase name="checkResponseTime" time="0.0" classname="com.apiframe.testCases.TC002_Get_Single_Employee_Record"/>
  <testcase name="checkResposeBody" time="0.0" classname="com.apiframe.testCases.TC002_Get_Single_Employee_Record"/>
  <testcase name="checkStatusCode" time="0.0" classname="com.apiframe.testCases.TC002_Get_Single_Employee_Record"/>
  <testcase name="checkserverType" time="0.015" classname="com.apiframe.testCases.TC002_Get_Single_Employee_Record"/>
  <testcase name="checkstatusLine" time="0.0" classname="com.apiframe.testCases.TC002_Get_Single_Employee_Record"/>
  <testcase name="checkContentType" time="0.002" classname="com.apiframe.testCases.TC003_Post_Employee_Record"/>
  <testcase name="checkResposeBody" time="0.0" classname="com.apiframe.testCases.TC003_Post_Employee_Record"/>
  <testcase name="checkStatusCode" time="0.0" classname="com.apiframe.testCases.TC003_Post_Employee_Record"/>
  <testcase name="checkcontentEncoding" time="0.0" classname="com.apiframe.testCases.TC003_Post_Employee_Record"/>
  <testcase name="checkserverType" time="0.0" classname="com.apiframe.testCases.TC003_Post_Employee_Record"/>
  <testcase name="checkstatusLine" time="0.0" classname="com.apiframe.testCases.TC003_Post_Employee_Record"/>
  <testcase name="checkContentType" time="0.002" classname="com.apiframe.testCases.TC004_Put_Employee_Record"/>
  <testcase name="checkResposeBody" time="0.001" classname="com.apiframe.testCases.TC004_Put_Employee_Record"/>
  <testcase name="checkStatusCode" time="0.001" classname="com.apiframe.testCases.TC004_Put_Employee_Record"/>
  <testcase name="checkcontentEncoding" time="0.001" classname="com.apiframe.testCases.TC004_Put_Employee_Record"/>
  <testcase name="checkserverType" time="0.0" classname="com.apiframe.testCases.TC004_Put_Employee_Record"/>
  <testcase name="checkstatusLine" time="0.001" classname="com.apiframe.testCases.TC004_Put_Employee_Record"/>
  <testcase name="checkContentType" time="0.002" classname="com.apiframe.testCases.TC005_Delete_Employee_Record"/>
  <testcase name="checkResposeBody" time="0.001" classname="com.apiframe.testCases.TC005_Delete_Employee_Record"/>
  <testcase name="checkStatusCode" time="0.0" classname="com.apiframe.testCases.TC005_Delete_Employee_Record"/>
  <testcase name="checkcontentEncoding" time="0.001" classname="com.apiframe.testCases.TC005_Delete_Employee_Record"/>
  <testcase name="checkserverType" time="0.0" classname="com.apiframe.testCases.TC005_Delete_Employee_Record"/>
  <testcase name="checkstatusLine" time="0.001" classname="com.apiframe.testCases.TC005_Delete_Employee_Record"/>
</testsuite> <!-- EmployeesRestAPITest -->
