<?xml version="1.0" encoding="UTF-8"?>
<testsuite name="TestSuite" time="0.061" tests="33" errors="0" skipped="0" failures="2">
  <properties>
[...]
</properties>
  <testcase name="checkContentLenght" classname="com.apiframe.testCases.TC001_Get_All_Employees" time="0.002"/>
  <testcase name="checkContentType" classname="com.apiframe.testCases.TC001_Get_All_Employees" time="0.001"/>
  <testcase name="checkResponseTime" classname="com.apiframe.testCases.TC001_Get_All_Employees" time="0"/>
  <testcase name="checkResposeBody" classname="com.apiframe.testCases.TC001_Get_All_Employees" time="0.052"/>
  <testcase name="checkStatusCode" classname="com.apiframe.testCases.TC001_Get_All_Employees" time="0"/>
  <testcase name="checkcontentEncoding" classname="com.apiframe.testCases.TC001_Get_All_Employees" time="0"/>
  <testcase name="checkserverType" classname="com.apiframe.testCases.TC001_Get_All_Employees" time="0.001"/>
  <testcase name="checkstatusLine" classname="com.apiframe.testCases.TC001_Get_All_Employees" time="0"/>
  <testcase name="checkContentLenght" classname="com.apiframe.testCases.TC002_Get_Single_Employee_Record" time="0"/>
  <testcase name="checkContentType" classname="com.apiframe.testCases.TC002_Get_Single_Employee_Record" time="0"/>
  <testcase name="checkResponseTime" classname="com.apiframe.testCases.TC002_Get_Single_Employee_Record" time="0"/>
  <testcase name="checkResposeBody" classname="com.apiframe.testCases.TC002_Get_Single_Employee_Record" time="0"/>
  <testcase name="checkStatusCode" classname="com.apiframe.testCases.TC002_Get_Single_Employee_Record" time="0"/>
  <testcase name="checkserverType" classname="com.apiframe.testCases.TC002_Get_Single_Employee_Record" time="0"/>
  <testcase name="checkstatusLine" classname="com.apiframe.testCases.TC002_Get_Single_Employee_Record" time="0"/>
  <testcase name="checkContentType" classname="com.apiframe.testCases.TC003_Post_Employee_Record" time="0"/>
  <testcase name="checkResposeBody" classname="com.apiframe.testCases.TC003_Post_Employee_Record" time="0.005">
    <failure message="expected [true] but found [false]" type="java.lang.AssertionError">java.lang.AssertionError: expected [true] but found [false]
	at org.testng.Assert.fail(Assert.java:96)
	at org.testng.Assert.failNotEquals(Assert.java:776)
	at org.testng.Assert.assertEqualsImpl(Assert.java:137)
	at org.testng.Assert.assertEquals(Assert.java:118)
	at org.testng.Assert.assertEquals(Assert.java:568)
	at org.testng.Assert.assertEquals(Assert.java:578)
	at com.apiframe.testCases.TC003_Post_Employee_Record.checkResposeBody(TC003_Post_Employee_Record.java:71)
</failure>
  </testcase>
  <testcase name="checkStatusCode" classname="com.apiframe.testCases.TC003_Post_Employee_Record" time="0"/>
  <testcase name="checkcontentEncoding" classname="com.apiframe.testCases.TC003_Post_Employee_Record" time="0"/>
  <testcase name="checkserverType" classname="com.apiframe.testCases.TC003_Post_Employee_Record" time="0"/>
  <testcase name="checkstatusLine" classname="com.apiframe.testCases.TC003_Post_Employee_Record" time="0"/>
  <testcase name="checkContentType" classname="com.apiframe.testCases.TC004_Put_Employee_Record" time="0"/>
  <testcase name="checkResposeBody" classname="com.apiframe.testCases.TC004_Put_Employee_Record" time="0">
    <failure message="expected [true] but found [false]" type="java.lang.AssertionError">java.lang.AssertionError: expected [true] but found [false]
	at org.testng.Assert.fail(Assert.java:96)
	at org.testng.Assert.failNotEquals(Assert.java:776)
	at org.testng.Assert.assertEqualsImpl(Assert.java:137)
	at org.testng.Assert.assertEquals(Assert.java:118)
	at org.testng.Assert.assertEquals(Assert.java:568)
	at org.testng.Assert.assertEquals(Assert.java:578)
	at com.apiframe.testCases.TC004_Put_Employee_Record.checkResposeBody(TC004_Put_Employee_Record.java:71)
</failure>
  </testcase>
  <testcase name="checkStatusCode" classname="com.apiframe.testCases.TC004_Put_Employee_Record" time="0"/>
  <testcase name="checkcontentEncoding" classname="com.apiframe.testCases.TC004_Put_Employee_Record" time="0"/>
  <testcase name="checkserverType" classname="com.apiframe.testCases.TC004_Put_Employee_Record" time="0"/>
  <testcase name="checkstatusLine" classname="com.apiframe.testCases.TC004_Put_Employee_Record" time="0"/>
  <testcase name="checkContentType" classname="com.apiframe.testCases.TC005_Delete_Employee_Record" time="0"/>
  <testcase name="checkResposeBody" classname="com.apiframe.testCases.TC005_Delete_Employee_Record" time="0"/>
  <testcase name="checkStatusCode" classname="com.apiframe.testCases.TC005_Delete_Employee_Record" time="0"/>
  <testcase name="checkcontentEncoding" classname="com.apiframe.testCases.TC005_Delete_Employee_Record" time="0"/>
  <testcase name="checkserverType" classname="com.apiframe.testCases.TC005_Delete_Employee_Record" time="0"/>
  <testcase name="checkstatusLine" classname="com.apiframe.testCases.TC005_Delete_Employee_Record" time="0"/>
</testsuite>