<?xml version="1.0" encoding="UTF-8"?>
<testng-results skipped="0" failed="0" ignored="0" total="33" passed="33">
  <reporter-output>
  </reporter-output>
  <suite name="EmployeesRestAPISuite" duration-ms="25748" started-at="2019-06-21T11:49:28Z" finished-at="2019-06-21T11:49:53Z">
    <groups>
    </groups>
    <test name="EmployeesRestAPITest" duration-ms="25748" started-at="2019-06-21T11:49:28Z" finished-at="2019-06-21T11:49:53Z">
      <class name="com.apiframe.testCases.TC003_Post_Employee_Record">
        <test-method status="PASS" signature="setup()[pri:0, instance:com.apiframe.testCases.TC003_Post_Employee_Record@5c3bd550]" name="setup" is-config="true" duration-ms="3" started-at="2019-06-21T11:49:37Z" finished-at="2019-06-21T11:49:37Z">
          <reporter-output>
          </reporter-output>
        </test-method> <!-- setup -->
        <test-method status="PASS" signature="createEmployee()[pri:0, instance:com.apiframe.testCases.TC003_Post_Employee_Record@5c3bd550]" name="createEmployee" is-config="true" duration-ms="5696" started-at="2019-06-21T11:49:37Z" finished-at="2019-06-21T11:49:43Z">
          <reporter-output>
          </reporter-output>
        </test-method> <!-- createEmployee -->
        <test-method status="PASS" signature="checkContentType()[pri:0, instance:com.apiframe.testCases.TC003_Post_Employee_Record@5c3bd550]" name="checkContentType" duration-ms="2" started-at="2019-06-21T11:49:43Z" finished-at="2019-06-21T11:49:43Z">
          <reporter-output>
          </reporter-output>
        </test-method> <!-- checkContentType -->
        <test-method status="PASS" signature="checkcontentEncoding()[pri:0, instance:com.apiframe.testCases.TC003_Post_Employee_Record@5c3bd550]" name="checkcontentEncoding" duration-ms="0" started-at="2019-06-21T11:49:43Z" finished-at="2019-06-21T11:49:43Z">
          <reporter-output>
          </reporter-output>
        </test-method> <!-- checkcontentEncoding -->
        <test-method status="PASS" signature="checkStatusCode()[pri:0, instance:com.apiframe.testCases.TC003_Post_Employee_Record@5c3bd550]" name="checkStatusCode" duration-ms="0" started-at="2019-06-21T11:49:43Z" finished-at="2019-06-21T11:49:43Z">
          <reporter-output>
          </reporter-output>
        </test-method> <!-- checkStatusCode -->
        <test-method status="PASS" signature="checkResposeBody()[pri:0, instance:com.apiframe.testCases.TC003_Post_Employee_Record@5c3bd550]" name="checkResposeBody" duration-ms="0" started-at="2019-06-21T11:49:43Z" finished-at="2019-06-21T11:49:43Z">
          <reporter-output>
          </reporter-output>
        </test-method> <!-- checkResposeBody -->
        <test-method status="PASS" signature="checkserverType()[pri:0, instance:com.apiframe.testCases.TC003_Post_Employee_Record@5c3bd550]" name="checkserverType" duration-ms="0" started-at="2019-06-21T11:49:43Z" finished-at="2019-06-21T11:49:43Z">
          <reporter-output>
          </reporter-output>
        </test-method> <!-- checkserverType -->
        <test-method status="PASS" signature="tearDown()[pri:0, instance:com.apiframe.testCases.TC003_Post_Employee_Record@5c3bd550]" name="tearDown" is-config="true" duration-ms="0" started-at="2019-06-21T11:49:43Z" finished-at="2019-06-21T11:49:43Z">
          <reporter-output>
          </reporter-output>
        </test-method> <!-- tearDown -->
        <test-method status="PASS" signature="checkstatusLine()[pri:0, instance:com.apiframe.testCases.TC003_Post_Employee_Record@5c3bd550]" name="checkstatusLine" duration-ms="0" started-at="2019-06-21T11:49:43Z" finished-at="2019-06-21T11:49:43Z">
          <reporter-output>
          </reporter-output>
        </test-method> <!-- checkstatusLine -->
      </class> <!-- com.apiframe.testCases.TC003_Post_Employee_Record -->
      <class name="com.apiframe.testCases.TC004_Put_Employee_Record">
        <test-method status="PASS" signature="setup()[pri:0, instance:com.apiframe.testCases.TC004_Put_Employee_Record@91161c7]" name="setup" is-config="true" duration-ms="1" started-at="2019-06-21T11:49:43Z" finished-at="2019-06-21T11:49:43Z">
          <reporter-output>
          </reporter-output>
        </test-method> <!-- setup -->
        <test-method status="PASS" signature="updateEmployee()[pri:0, instance:com.apiframe.testCases.TC004_Put_Employee_Record@91161c7]" name="updateEmployee" is-config="true" duration-ms="5671" started-at="2019-06-21T11:49:43Z" finished-at="2019-06-21T11:49:49Z">
          <reporter-output>
          </reporter-output>
        </test-method> <!-- updateEmployee -->
        <test-method status="PASS" signature="checkContentType()[pri:0, instance:com.apiframe.testCases.TC004_Put_Employee_Record@91161c7]" name="checkContentType" duration-ms="2" started-at="2019-06-21T11:49:49Z" finished-at="2019-06-21T11:49:49Z">
          <reporter-output>
          </reporter-output>
        </test-method> <!-- checkContentType -->
        <test-method status="PASS" signature="checkResposeBody()[pri:0, instance:com.apiframe.testCases.TC004_Put_Employee_Record@91161c7]" name="checkResposeBody" duration-ms="1" started-at="2019-06-21T11:49:49Z" finished-at="2019-06-21T11:49:49Z">
          <reporter-output>
          </reporter-output>
        </test-method> <!-- checkResposeBody -->
        <test-method status="PASS" signature="checkStatusCode()[pri:0, instance:com.apiframe.testCases.TC004_Put_Employee_Record@91161c7]" name="checkStatusCode" duration-ms="1" started-at="2019-06-21T11:49:49Z" finished-at="2019-06-21T11:49:49Z">
          <reporter-output>
          </reporter-output>
        </test-method> <!-- checkStatusCode -->
        <test-method status="PASS" signature="checkcontentEncoding()[pri:0, instance:com.apiframe.testCases.TC004_Put_Employee_Record@91161c7]" name="checkcontentEncoding" duration-ms="1" started-at="2019-06-21T11:49:49Z" finished-at="2019-06-21T11:49:49Z">
          <reporter-output>
          </reporter-output>
        </test-method> <!-- checkcontentEncoding -->
        <test-method status="PASS" signature="checkserverType()[pri:0, instance:com.apiframe.testCases.TC004_Put_Employee_Record@91161c7]" name="checkserverType" duration-ms="0" started-at="2019-06-21T11:49:49Z" finished-at="2019-06-21T11:49:49Z">
          <reporter-output>
          </reporter-output>
        </test-method> <!-- checkserverType -->
        <test-method status="PASS" signature="checkstatusLine()[pri:0, instance:com.apiframe.testCases.TC004_Put_Employee_Record@91161c7]" name="checkstatusLine" duration-ms="1" started-at="2019-06-21T11:49:49Z" finished-at="2019-06-21T11:49:49Z">
          <reporter-output>
          </reporter-output>
        </test-method> <!-- checkstatusLine -->
        <test-method status="PASS" signature="tearDown()[pri:0, instance:com.apiframe.testCases.TC004_Put_Employee_Record@91161c7]" name="tearDown" is-config="true" duration-ms="1" started-at="2019-06-21T11:49:49Z" finished-at="2019-06-21T11:49:49Z">
          <reporter-output>
          </reporter-output>
        </test-method> <!-- tearDown -->
      </class> <!-- com.apiframe.testCases.TC004_Put_Employee_Record -->
      <class name="com.apiframe.testCases.TC002_Get_Single_Employee_Record">
        <test-method status="PASS" signature="setup()[pri:0, instance:com.apiframe.testCases.TC002_Get_Single_Employee_Record@5e3a8624]" name="setup" is-config="true" duration-ms="16" started-at="2019-06-21T11:49:29Z" finished-at="2019-06-21T11:49:30Z">
          <reporter-output>
          </reporter-output>
        </test-method> <!-- setup -->
        <test-method status="PASS" signature="getEmployeeData()[pri:0, instance:com.apiframe.testCases.TC002_Get_Single_Employee_Record@5e3a8624]" name="getEmployeeData" is-config="true" duration-ms="7750" started-at="2019-06-21T11:49:30Z" finished-at="2019-06-21T11:49:37Z">
          <reporter-output>
          </reporter-output>
        </test-method> <!-- getEmployeeData -->
        <test-method status="PASS" signature="checkResponseTime()[pri:0, instance:com.apiframe.testCases.TC002_Get_Single_Employee_Record@5e3a8624]" name="checkResponseTime" duration-ms="0" started-at="2019-06-21T11:49:37Z" finished-at="2019-06-21T11:49:37Z">
          <reporter-output>
          </reporter-output>
        </test-method> <!-- checkResponseTime -->
        <test-method status="PASS" signature="checkContentType()[pri:0, instance:com.apiframe.testCases.TC002_Get_Single_Employee_Record@5e3a8624]" name="checkContentType" duration-ms="0" started-at="2019-06-21T11:49:37Z" finished-at="2019-06-21T11:49:37Z">
          <reporter-output>
          </reporter-output>
        </test-method> <!-- checkContentType -->
        <test-method status="PASS" signature="checkStatusCode()[pri:0, instance:com.apiframe.testCases.TC002_Get_Single_Employee_Record@5e3a8624]" name="checkStatusCode" duration-ms="0" started-at="2019-06-21T11:49:37Z" finished-at="2019-06-21T11:49:37Z">
          <reporter-output>
          </reporter-output>
        </test-method> <!-- checkStatusCode -->
        <test-method status="PASS" signature="checkserverType()[pri:0, instance:com.apiframe.testCases.TC002_Get_Single_Employee_Record@5e3a8624]" name="checkserverType" duration-ms="15" started-at="2019-06-21T11:49:37Z" finished-at="2019-06-21T11:49:37Z">
          <reporter-output>
          </reporter-output>
        </test-method> <!-- checkserverType -->
        <test-method status="PASS" signature="checkResposeBody()[pri:0, instance:com.apiframe.testCases.TC002_Get_Single_Employee_Record@5e3a8624]" name="checkResposeBody" duration-ms="0" started-at="2019-06-21T11:49:37Z" finished-at="2019-06-21T11:49:37Z">
          <reporter-output>
          </reporter-output>
        </test-method> <!-- checkResposeBody -->
        <test-method status="PASS" signature="checkContentLenght()[pri:0, instance:com.apiframe.testCases.TC002_Get_Single_Employee_Record@5e3a8624]" name="checkContentLenght" duration-ms="0" started-at="2019-06-21T11:49:37Z" finished-at="2019-06-21T11:49:37Z">
          <reporter-output>
          </reporter-output>
        </test-method> <!-- checkContentLenght -->
        <test-method status="PASS" signature="checkstatusLine()[pri:0, instance:com.apiframe.testCases.TC002_Get_Single_Employee_Record@5e3a8624]" name="checkstatusLine" duration-ms="0" started-at="2019-06-21T11:49:37Z" finished-at="2019-06-21T11:49:37Z">
          <reporter-output>
          </reporter-output>
        </test-method> <!-- checkstatusLine -->
        <test-method status="PASS" signature="tearDown()[pri:0, instance:com.apiframe.testCases.TC002_Get_Single_Employee_Record@5e3a8624]" name="tearDown" is-config="true" duration-ms="0" started-at="2019-06-21T11:49:37Z" finished-at="2019-06-21T11:49:37Z">
          <reporter-output>
          </reporter-output>
        </test-method> <!-- tearDown -->
      </class> <!-- com.apiframe.testCases.TC002_Get_Single_Employee_Record -->
      <class name="com.apiframe.testCases.TC001_Get_All_Employees">
        <test-method status="PASS" signature="setup()[pri:0, instance:com.apiframe.testCases.TC001_Get_All_Employees@1bce4f0a]" name="setup" is-config="true" duration-ms="26" started-at="2019-06-21T11:49:28Z" finished-at="2019-06-21T11:49:28Z">
          <reporter-output>
          </reporter-output>
        </test-method> <!-- setup -->
        <test-method status="PASS" signature="getAllEmployees()[pri:0, instance:com.apiframe.testCases.TC001_Get_All_Employees@1bce4f0a]" name="getAllEmployees" is-config="true" duration-ms="1581" started-at="2019-06-21T11:49:28Z" finished-at="2019-06-21T11:49:29Z">
          <reporter-output>
          </reporter-output>
        </test-method> <!-- getAllEmployees -->
        <test-method status="PASS" signature="checkContentLenght()[pri:0, instance:com.apiframe.testCases.TC001_Get_All_Employees@1bce4f0a]" name="checkContentLenght" duration-ms="5" started-at="2019-06-21T11:49:29Z" finished-at="2019-06-21T11:49:29Z">
          <reporter-output>
          </reporter-output>
        </test-method> <!-- checkContentLenght -->
        <test-method status="PASS" signature="checkContentType()[pri:0, instance:com.apiframe.testCases.TC001_Get_All_Employees@1bce4f0a]" name="checkContentType" duration-ms="1" started-at="2019-06-21T11:49:29Z" finished-at="2019-06-21T11:49:29Z">
          <reporter-output>
          </reporter-output>
        </test-method> <!-- checkContentType -->
        <test-method status="PASS" signature="checkResponseTime()[pri:0, instance:com.apiframe.testCases.TC001_Get_All_Employees@1bce4f0a]" name="checkResponseTime" duration-ms="2" started-at="2019-06-21T11:49:29Z" finished-at="2019-06-21T11:49:29Z">
          <reporter-output>
          </reporter-output>
        </test-method> <!-- checkResponseTime -->
        <test-method status="PASS" signature="checkResposeBody()[pri:0, instance:com.apiframe.testCases.TC001_Get_All_Employees@1bce4f0a]" name="checkResposeBody" duration-ms="26" started-at="2019-06-21T11:49:29Z" finished-at="2019-06-21T11:49:29Z">
          <reporter-output>
          </reporter-output>
        </test-method> <!-- checkResposeBody -->
        <test-method status="PASS" signature="checkserverType()[pri:0, instance:com.apiframe.testCases.TC001_Get_All_Employees@1bce4f0a]" name="checkserverType" duration-ms="0" started-at="2019-06-21T11:49:29Z" finished-at="2019-06-21T11:49:29Z">
          <reporter-output>
          </reporter-output>
        </test-method> <!-- checkserverType -->
        <test-method status="PASS" signature="checkStatusCode()[pri:0, instance:com.apiframe.testCases.TC001_Get_All_Employees@1bce4f0a]" name="checkStatusCode" duration-ms="0" started-at="2019-06-21T11:49:29Z" finished-at="2019-06-21T11:49:29Z">
          <reporter-output>
          </reporter-output>
        </test-method> <!-- checkStatusCode -->
        <test-method status="PASS" signature="checkstatusLine()[pri:0, instance:com.apiframe.testCases.TC001_Get_All_Employees@1bce4f0a]" name="checkstatusLine" duration-ms="0" started-at="2019-06-21T11:49:29Z" finished-at="2019-06-21T11:49:29Z">
          <reporter-output>
          </reporter-output>
        </test-method> <!-- checkstatusLine -->
        <test-method status="PASS" signature="checkcontentEncoding()[pri:0, instance:com.apiframe.testCases.TC001_Get_All_Employees@1bce4f0a]" name="checkcontentEncoding" duration-ms="0" started-at="2019-06-21T11:49:29Z" finished-at="2019-06-21T11:49:29Z">
          <reporter-output>
          </reporter-output>
        </test-method> <!-- checkcontentEncoding -->
        <test-method status="PASS" signature="tearDown()[pri:0, instance:com.apiframe.testCases.TC001_Get_All_Employees@1bce4f0a]" name="tearDown" is-config="true" duration-ms="0" started-at="2019-06-21T11:49:29Z" finished-at="2019-06-21T11:49:29Z">
          <reporter-output>
          </reporter-output>
        </test-method> <!-- tearDown -->
      </class> <!-- com.apiframe.testCases.TC001_Get_All_Employees -->
      <class name="com.apiframe.testCases.TC005_Delete_Employee_Record">
        <test-method status="PASS" signature="setup()[pri:0, instance:com.apiframe.testCases.TC005_Delete_Employee_Record@604ed9f0]" name="setup" is-config="true" duration-ms="2" started-at="2019-06-21T11:49:49Z" finished-at="2019-06-21T11:49:49Z">
          <reporter-output>
          </reporter-output>
        </test-method> <!-- setup -->
        <test-method status="PASS" signature="deleteEmployee()[pri:0, instance:com.apiframe.testCases.TC005_Delete_Employee_Record@604ed9f0]" name="deleteEmployee" is-config="true" duration-ms="4744" started-at="2019-06-21T11:49:49Z" finished-at="2019-06-21T11:49:53Z">
          <reporter-output>
          </reporter-output>
        </test-method> <!-- deleteEmployee -->
        <test-method status="PASS" signature="checkContentType()[pri:0, instance:com.apiframe.testCases.TC005_Delete_Employee_Record@604ed9f0]" name="checkContentType" duration-ms="2" started-at="2019-06-21T11:49:53Z" finished-at="2019-06-21T11:49:53Z">
          <reporter-output>
          </reporter-output>
        </test-method> <!-- checkContentType -->
        <test-method status="PASS" signature="checkResposeBody()[pri:0, instance:com.apiframe.testCases.TC005_Delete_Employee_Record@604ed9f0]" name="checkResposeBody" duration-ms="1" started-at="2019-06-21T11:49:53Z" finished-at="2019-06-21T11:49:53Z">
          <reporter-output>
          </reporter-output>
        </test-method> <!-- checkResposeBody -->
        <test-method status="PASS" signature="checkStatusCode()[pri:0, instance:com.apiframe.testCases.TC005_Delete_Employee_Record@604ed9f0]" name="checkStatusCode" duration-ms="0" started-at="2019-06-21T11:49:53Z" finished-at="2019-06-21T11:49:53Z">
          <reporter-output>
          </reporter-output>
        </test-method> <!-- checkStatusCode -->
        <test-method status="PASS" signature="checkcontentEncoding()[pri:0, instance:com.apiframe.testCases.TC005_Delete_Employee_Record@604ed9f0]" name="checkcontentEncoding" duration-ms="1" started-at="2019-06-21T11:49:53Z" finished-at="2019-06-21T11:49:53Z">
          <reporter-output>
          </reporter-output>
        </test-method> <!-- checkcontentEncoding -->
        <test-method status="PASS" signature="checkserverType()[pri:0, instance:com.apiframe.testCases.TC005_Delete_Employee_Record@604ed9f0]" name="checkserverType" duration-ms="0" started-at="2019-06-21T11:49:53Z" finished-at="2019-06-21T11:49:53Z">
          <reporter-output>
          </reporter-output>
        </test-method> <!-- checkserverType -->
        <test-method status="PASS" signature="checkstatusLine()[pri:0, instance:com.apiframe.testCases.TC005_Delete_Employee_Record@604ed9f0]" name="checkstatusLine" duration-ms="1" started-at="2019-06-21T11:49:53Z" finished-at="2019-06-21T11:49:53Z">
          <reporter-output>
          </reporter-output>
        </test-method> <!-- checkstatusLine -->
        <test-method status="PASS" signature="tearDown()[pri:0, instance:com.apiframe.testCases.TC005_Delete_Employee_Record@604ed9f0]" name="tearDown" is-config="true" duration-ms="0" started-at="2019-06-21T11:49:53Z" finished-at="2019-06-21T11:49:53Z">
          <reporter-output>
          </reporter-output>
        </test-method> <!-- tearDown -->
      </class> <!-- com.apiframe.testCases.TC005_Delete_Employee_Record -->
    </test> <!-- EmployeesRestAPITest -->
  </suite> <!-- EmployeesRestAPISuite -->
</testng-results>
